2025-12-03 20:15:43 | INFO | fraud_etl | ================================================
2025-12-03 20:15:43 | INFO | fraud_etl | === STARTING FRAUD DETECTION ETL PIPELINE ===
2025-12-03 20:15:43 | INFO | fraud_etl | Reading data from CSV: data\creditcard.csv
2025-12-03 20:15:45 | INFO | fraud_etl | Loaded data with 284807 rows and 31 columns
2025-12-03 20:15:45 | INFO | fraud_etl | === Raw data information (before cleaning) ===
2025-12-03 20:15:45 | INFO | fraud_etl | Shape: (284807, 31) (rows, cols)
2025-12-03 20:15:45 | INFO | fraud_etl | Missing values: no NaN values detected
2025-12-03 20:15:45 | INFO | fraud_etl | Column dtypes:
Column   Dtype
  Time float64
    V1 float64
    V2 float64
    V3 float64
    V4 float64
    V5 float64
    V6 float64
    V7 float64
    V8 float64
    V9 float64
   V10 float64
   V11 float64
   V12 float64
   V13 float64
   V14 float64
   V15 float64
   V16 float64
   V17 float64
   V18 float64
   V19 float64
   V20 float64
   V21 float64
   V22 float64
   V23 float64
   V24 float64
   V25 float64
   V26 float64
   V27 float64
   V28 float64
Amount float64
 Class   int64
2025-12-03 20:15:45 | INFO | fraud_etl | === End of Raw data information (before cleaning) ===
2025-12-03 20:15:45 | INFO | fraud_etl | Starting data transformation: handling NaN and duplicates...
2025-12-03 20:15:45 | INFO | fraud_etl | Drop NaN: total NaN before = 0, after = 0 | rows: 284807 -> 284807
2025-12-03 20:15:46 | INFO | fraud_etl | Drop duplicates: 284807 -> 283726 rows
2025-12-03 20:15:46 | INFO | fraud_etl | Finished transformation. Final row count: 283726
2025-12-03 20:15:46 | INFO | fraud_etl | Data after ETL has 283726 rows and 31 columns
2025-12-03 20:15:46 | INFO | fraud_etl | Writing cleaned data to Parquet: ouput\creditcard_clean.parquet
2025-12-03 20:15:46 | INFO | fraud_etl | Successfully wrote Parquet file: D:\Code\TMA_Training\Week_6\ouput\creditcard_clean.parquet
2025-12-03 20:15:46 | INFO | fraud_etl | === ETL PIPELINE COMPLETED SUCCESSFULLY ===
2025-12-03 20:15:46 | INFO | fraud_etl | ================================================
